#
# A fatal error has been detected by the Java Runtime Environment:
#
#  EXCEPTION_ACCESS_VIOLATION (0xc0000005) at pc=0x00007ffc58c66ca4, pid=7076, tid=14568
#
# JRE version: Java(TM) SE Runtime Environment (18.0.2.1+1) (build 18.0.2.1+1-1)
# Java VM: Java HotSpot(TM) 64-Bit Server VM (18.0.2.1+1-1, mixed mode, sharing, tiered, compressed oops, compressed class ptrs, g1 gc, windows-amd64)
# Problematic frame:
# V  [jvm.dll+0x236ca4]
#
# No core dump will be written. Minidumps are not enabled by default on client versions of Windows
#
# If you would like to submit a bug report, please visit:
#   https://bugreport.java.com/bugreport/crash.jsp
#

---------------  S U M M A R Y ------------

Command Line: -javaagent:C:\Program Files\JetBrains\IntelliJ IDEA Community Edition 2022.2.1\lib\idea_rt.jar=57747:C:\Program Files\JetBrains\IntelliJ IDEA Community Edition 2022.2.1\bin -Dfile.encoding=UTF-8 -Dsun.stdout.encoding=UTF-8 -Dsun.stderr.encoding=UTF-8 com.mycompany.copaqatar.Main

Host: Intel(R) Core(TM) i3-10100F CPU @ 3.60GHz, 8 cores, 15G,  Windows 10 , 64 bit Build 19041 (10.0.19041.2251)
Time: Sat Dec  3 16:30:15 2022 Hora oficial do Brasil elapsed time: 0.340854 seconds (0d 0h 0m 0s)

---------------  T H R E A D  ---------------

Current thread (0x000001f048d10b40):  JavaThread "C2 CompilerThread0" daemon [_thread_in_native, id=14568, stack(0x0000000625200000,0x0000000625300000)]


Current CompileTask:
C2:    340  783       4       java.lang.StringLatin1::indexOfChar (33 bytes)

Stack: [0x0000000625200000,0x0000000625300000],  sp=0x00000006252fba30,  free space=1006k
Native frames: (J=compiled Java code, j=interpreted, Vv=VM code, C=native code)
V  [jvm.dll+0x236ca4]
V  [jvm.dll+0x62c941]
V  [jvm.dll+0x62b7a5]
V  [jvm.dll+0x22ff78]
V  [jvm.dll+0x22f4d1]
V  [jvm.dll+0x1ba01c]
V  [jvm.dll+0x23ee0a]
V  [jvm.dll+0x23d0f5]
V  [jvm.dll+0x7a6dd1]
V  [jvm.dll+0x7a120a]
V  [jvm.dll+0x698255]
C  [ucrtbase.dll+0x21bb2]
C  [KERNEL32.DLL+0x174b4]
C  [ntdll.dll+0x526a1]


siginfo: EXCEPTION_ACCESS_VIOLATION (0xc0000005), reading address 0x000001e04d23f7f0


Register to memory mapping:

RIP=0x00007ffc58c66ca4 jvm.dll
RAX=0x000001e04d23f7f0 is an unknown value
RBX=0x00000006252fbaa0 is pointing into the stack for thread: 0x000001f048d10b40
RCX=0x0000000000000008 is an unknown value
RDX=0x000000000000000f is an unknown value
RSP=0x00000006252fba30 is pointing into the stack for thread: 0x000001f048d10b40
RBP=0x00000006252fbaf0 is pointing into the stack for thread: 0x000001f048d10b40
RSI=0x0 is NULL
RDI=0x000001f04d23f2f8 points into unknown readable memory: 0x00007ffc59339f78 | 78 9f 33 59 fc 7f 00 00
R8 =0x0000000001000000 is an unknown value
R9 =0x0 is NULL
R10=0x00007ffcb94a0000 VCRUNTIME140.dll
R11=0x000001f04d0c9f70 points into unknown readable memory: 0x0000000000000000 | 00 00 00 00 00 00 00 00
R12=0x0000000000000001 is an unknown value
R13=0x000001f04d23f748 points into unknown readable memory: 0x00007ffc592a4348 | 48 43 2a 59 fc 7f 00 00
R14=0x0 is NULL
R15=0x0000000000000018 is an unknown value


Registers:
RAX=0x000001e04d23f7f0, RBX=0x00000006252fbaa0, RCX=0x0000000000000008, RDX=0x000000000000000f
RSP=0x00000006252fba30, RBP=0x00000006252fbaf0, RSI=0x0000000000000000, RDI=0x000001f04d23f2f8
R8 =0x0000000001000000, R9 =0x0000000000000000, R10=0x00007ffcb94a0000, R11=0x000001f04d0c9f70
R12=0x0000000000000001, R13=0x000001f04d23f748, R14=0x0000000000000000, R15=0x0000000000000018
RIP=0x00007ffc58c66ca4, EFLAGS=0x0000000000010246

Top of Stack: (sp=0x00000006252fba30)
0x00000006252fba30:   00000006252fbaa0 00000006252fbaf0
0x00000006252fba40:   00000006252fe6c0 000000000000009e
0x00000006252fba50:   00000006252fbef0 000001f048d09350
0x00000006252fba60:   000001f04d0ca858 0000000000010388
0x00000006252fba70:   0000000000000000 00007ffc5905c941
0x00000006252fba80:   0000000000000008 00000006252fbaf0
0x00000006252fba90:   000001f04d0c2870 000001f04d0c9740
0x00000006252fbaa0:   000001f048d09350 000001f000000100
0x00000006252fbab0:   000001f04d0c9768 000001f00000000f
0x00000006252fbac0:   000001f000000008 000001f04d0c9f68
0x00000006252fbad0:   000001f000000008 000001f048d09350
0x00000006252fbae0:   00007ffc00000000 00007ffc58c5f9c2
0x00000006252fbaf0:   00000006252fe960 000001f04d171f38
0x00000006252fbb00:   000001f04d23e318 000001f04d1ebcb0
0x00000006252fbb10:   00000006252fe6c0 000001f04d172d00
0x00000006252fbb20:   00000006252fbbb0 00007ffc5905b7a5 

Instructions: (pc=0x00007ffc58c66ca4)
0x00007ffc58c66ba4:   ff 41 8b c6 48 f7 d8 4d 8d 3c c7 4c 89 bc 24 88
0x00007ffc58c66bb4:   00 00 00 4c 3b 7c 24 20 0f 83 11 fe ff ff 4c 8b
0x00007ffc58c66bc4:   74 24 30 4c 8b 64 24 38 48 8b 7c 24 40 48 8b ac
0x00007ffc58c66bd4:   24 80 00 00 00 48 83 c4 48 41 5f 41 5d 5e 5b c3
0x00007ffc58c66be4:   cc cc cc cc cc cc cc cc cc cc cc cc 40 53 56 57
0x00007ffc58c66bf4:   48 83 ec 30 8b b9 40 02 00 00 48 8b da 2b b9 68
0x00007ffc58c66c04:   02 00 00 48 8b f1 3b 7a 08 72 0a 8b d7 48 8b cb
0x00007ffc58c66c14:   e8 87 12 44 00 48 8b 43 10 48 c7 04 f8 00 00 00
0x00007ffc58c66c24:   00 48 8b 96 d0 02 00 00 48 85 d2 74 08 48 8b cb
0x00007ffc58c66c34:   e8 37 96 e7 ff 48 8b 96 d8 02 00 00 48 85 d2 74
0x00007ffc58c66c44:   08 48 8b cb e8 23 96 e7 ff 8b 53 18 33 c0 89 44
0x00007ffc58c66c54:   24 50 85 d2 0f 84 f8 00 00 00 48 89 6c 24 58 4c
0x00007ffc58c66c64:   89 64 24 60 4c 89 6c 24 68 4c 89 74 24 28 4c 89
0x00007ffc58c66c74:   7c 24 20 66 0f 1f 84 00 00 00 00 00 8b c8 48 8b
0x00007ffc58c66c84:   43 10 4c 8b 2c c8 41 8b 45 1c 85 c0 0f 84 95 00
0x00007ffc58c66c94:   00 00 45 33 f6 44 8b e0 0f 1f 40 00 49 8b 45 08
0x00007ffc58c66ca4:   49 8b 3c 06 48 85 ff 74 6d 40 f6 c7 01 75 67 48
0x00007ffc58c66cb4:   83 3f fe 74 61 44 8b 7f 28 41 8b f7 c1 ee 05 3b
0x00007ffc58c66cc4:   73 20 72 0b 8b d6 48 8d 4b 20 e8 3d 76 5a 00 48
0x00007ffc58c66cd4:   8b 43 28 41 83 e7 1f 48 8d 14 b0 41 0f b6 cf 41
0x00007ffc58c66ce4:   b8 01 00 00 00 41 d3 e0 8b 0a 8b c1 41 0b c0 89
0x00007ffc58c66cf4:   02 41 85 c8 75 20 8b 73 18 8d 46 01 89 43 18 3b
0x00007ffc58c66d04:   73 08 72 0a 8b d6 48 8b cb e8 8e 11 44 00 48 8b
0x00007ffc58c66d14:   43 10 48 89 3c f0 49 83 c6 08 49 83 ec 01 0f 85
0x00007ffc58c66d24:   78 ff ff ff 8b 53 18 8b 44 24 50 ff c0 89 44 24
0x00007ffc58c66d34:   50 3b c2 0f 82 43 ff ff ff 4c 8b 7c 24 20 4c 8b
0x00007ffc58c66d44:   74 24 28 4c 8b 6c 24 68 4c 8b 64 24 60 48 8b 6c
0x00007ffc58c66d54:   24 58 48 83 c4 30 5f 5e 5b c3 cc cc 40 53 48 83
0x00007ffc58c66d64:   ec 20 48 8b 81 e0 02 00 00 48 8b d9 48 85 c0 75
0x00007ffc58c66d74:   27 e8 26 40 00 00 48 8b d0 48 8b 48 10 48 8b 01
0x00007ffc58c66d84:   48 3b c2 74 06 83 78 38 02 74 06 48 83 c1 08 eb
0x00007ffc58c66d94:   ec 48 89 83 e0 02 00 00 48 83 c4 20 5b c3 cc cc 


Stack slot to memory mapping:
stack at sp + 0 slots: 0x00000006252fbaa0 is pointing into the stack for thread: 0x000001f048d10b40
stack at sp + 1 slots: 0x00000006252fbaf0 is pointing into the stack for thread: 0x000001f048d10b40
stack at sp + 2 slots: 0x00000006252fe6c0 is pointing into the stack for thread: 0x000001f048d10b40
stack at sp + 3 slots: 0x000000000000009e is an unknown value
stack at sp + 4 slots: 0x00000006252fbef0 is pointing into the stack for thread: 0x000001f048d10b40
stack at sp + 5 slots: 0x000001f048d09350 points into unknown readable memory: 0x0000000000000007 | 07 00 00 00 00 00 00 00
stack at sp + 6 slots: 0x000001f04d0ca858 points into unknown readable memory: 0x100dcf54a89bbbad | ad bb 9b a8 54 cf 0d 10
stack at sp + 7 slots: 0x0000000000010388 is an unknown value


---------------  P R O C E S S  ---------------

Threads class SMR info:
_java_thread_list=0x000001f04d38aae0, length=18, elements={
0x000001f025f2ecd0, 0x000001f048cef610, 0x000001f048cf0270, 0x000001f048d0a9c0,
0x000001f048d0b270, 0x000001f048d0bc10, 0x000001f048d0c830, 0x000001f048d10b40,
0x000001f048d1e800, 0x000001f048d1f4f0, 0x000001f048cda7e0, 0x000001f04d138700,
0x000001f04d13bda0, 0x000001f04d309010, 0x000001f04d30d970, 0x000001f04d3122c0,
0x000001f04d3e0a30, 0x000001f04d393a20
}

Java Threads: ( => current thread )
  0x000001f025f2ecd0 JavaThread "main" [_thread_in_vm, id=17164, stack(0x0000000624500000,0x0000000624600000)]
  0x000001f048cef610 JavaThread "Reference Handler" daemon [_thread_blocked, id=8644, stack(0x0000000624c00000,0x0000000624d00000)]
  0x000001f048cf0270 JavaThread "Finalizer" daemon [_thread_blocked, id=4876, stack(0x0000000624d00000,0x0000000624e00000)]
  0x000001f048d0a9c0 JavaThread "Signal Dispatcher" daemon [_thread_blocked, id=7456, stack(0x0000000624e00000,0x0000000624f00000)]
  0x000001f048d0b270 JavaThread "Attach Listener" daemon [_thread_blocked, id=420, stack(0x0000000624f00000,0x0000000625000000)]
  0x000001f048d0bc10 JavaThread "Service Thread" daemon [_thread_blocked, id=18132, stack(0x0000000625000000,0x0000000625100000)]
  0x000001f048d0c830 JavaThread "Monitor Deflation Thread" daemon [_thread_blocked, id=13168, stack(0x0000000625100000,0x0000000625200000)]
=>0x000001f048d10b40 JavaThread "C2 CompilerThread0" daemon [_thread_in_native, id=14568, stack(0x0000000625200000,0x0000000625300000)]
  0x000001f048d1e800 JavaThread "C1 CompilerThread0" daemon [_thread_blocked, id=4680, stack(0x0000000625300000,0x0000000625400000)]
  0x000001f048d1f4f0 JavaThread "Sweeper thread" daemon [_thread_blocked, id=3008, stack(0x0000000625400000,0x0000000625500000)]
  0x000001f048cda7e0 JavaThread "Common-Cleaner" daemon [_thread_blocked, id=284, stack(0x0000000625500000,0x0000000625600000)]
  0x000001f04d138700 JavaThread "Monitor Ctrl-Break" daemon [_thread_in_native, id=17308, stack(0x0000000625600000,0x0000000625700000)]
  0x000001f04d13bda0 JavaThread "Notification Thread" daemon [_thread_blocked, id=5996, stack(0x0000000625700000,0x0000000625800000)]
  0x000001f04d309010 JavaThread "Java2D Disposer" daemon [_thread_blocked, id=3508, stack(0x0000000625900000,0x0000000625a00000)]
  0x000001f04d30d970 JavaThread "AWT-Shutdown" [_thread_blocked, id=16696, stack(0x0000000625a00000,0x0000000625b00000)]
  0x000001f04d3122c0 JavaThread "AWT-Windows" daemon [_thread_in_native, id=16100, stack(0x0000000625b00000,0x0000000625c00000)]
  0x000001f04d3e0a30 JavaThread "C2 CompilerThread1" daemon [_thread_in_native, id=15100, stack(0x0000000625c00000,0x0000000625d00000)]
  0x000001f04d393a20 JavaThread "C2 CompilerThread2" daemon [_thread_blocked, id=4484, stack(0x0000000625d00000,0x0000000625e00000)]

Other Threads:
  0x000001f025fc0820 VMThread "VM Thread" [stack: 0x0000000624b00000,0x0000000624c00000] [id=8720]
  0x000001f04d140750 WatcherThread "VM Periodic Task Thread" [stack: 0x0000000625800000,0x0000000625900000] [id=12760]
  0x000001f025fa02d0 WorkerThread "GC Thread#0" [stack: 0x0000000624600000,0x0000000624700000] [id=2500]
  0x000001f025fb1090 ConcurrentGCThread "G1 Main Marker" [stack: 0x0000000624700000,0x0000000624800000] [id=17568]
  0x000001f025fb2220 WorkerThread "G1 Conc#0" [stack: 0x0000000624800000,0x0000000624900000] [id=11420]
  0x000001f048ba40a0 ConcurrentGCThread "G1 Refine#0" [stack: 0x0000000624900000,0x0000000624a00000] [id=5212]
  0x000001f048ba49b0 ConcurrentGCThread "G1 Service" [stack: 0x0000000624a00000,0x0000000624b00000] [id=7540]

Threads with active compile tasks:
C2 CompilerThread0      370  783       4       java.lang.StringLatin1::indexOfChar (33 bytes)
C2 CompilerThread1      370  844       4       java.util.HashMap::put (13 bytes)

VM state: not at safepoint (normal execution)

VM Mutex/Monitor currently owned by a thread: None

Heap address: 0x0000000701600000, size: 4074 MB, Compressed Oops mode: Zero based, Oop shift amount: 3

CDS archive(s) mapped at: [0x0000000800000000-0x0000000800ba0000-0x0000000800ba0000), size 12189696, SharedBaseAddress: 0x0000000800000000, ArchiveRelocationMode: 0.
Compressed class space mapped at: 0x0000000800c00000-0x0000000840c00000, reserved size: 1073741824
Narrow klass base: 0x0000000800000000, Narrow klass shift: 0, Narrow klass range: 0x100000000

GC Precious Log:
 CardTable entry size: 512
 Card Set container configuration: InlinePtr #cards 4 size 8 Array Of Cards #cards 16 size 48 Howl #buckets 8 coarsen threshold 3686 Howl Bitmap #cards 512 size 80 coarsen threshold 460 Card regions per heap region 1 cards per card region 4096
 CPUs: 8 total, 8 available
 Memory: 16289M
 Large Page Support: Disabled
 NUMA Support: Disabled
 Compressed Oops: Enabled (Zero based)
 Heap Region Size: 2M
 Heap Min Capacity: 8M
 Heap Initial Capacity: 256M
 Heap Max Capacity: 4074M
 Pre-touch: Disabled
 Parallel Workers: 8
 Concurrent Workers: 2
 Concurrent Refinement Workers: 8
 Periodic GC: Disabled

Heap:
 garbage-first heap   total 262144K, used 10240K [0x0000000701600000, 0x0000000800000000)
  region size 2048K, 6 young (12288K), 0 survivors (0K)
 Metaspace       used 5042K, committed 5184K, reserved 1114112K
  class space    used 494K, committed 576K, reserved 1048576K

Heap Regions: E=young(eden), S=young(survivor), O=old, HS=humongous(starts), HC=humongous(continues), CS=collection set, F=free, OA=open archive, CA=closed archive, TAMS=top-at-mark-start (previous, next)
|   0|0x0000000701600000, 0x0000000701600000, 0x0000000701800000|  0%| F|  |TAMS 0x0000000701600000, 0x0000000701600000| Untracked 
|   1|0x0000000701800000, 0x0000000701800000, 0x0000000701a00000|  0%| F|  |TAMS 0x0000000701800000, 0x0000000701800000| Untracked 
|   2|0x0000000701a00000, 0x0000000701a00000, 0x0000000701c00000|  0%| F|  |TAMS 0x0000000701a00000, 0x0000000701a00000| Untracked 
|   3|0x0000000701c00000, 0x0000000701c00000, 0x0000000701e00000|  0%| F|  |TAMS 0x0000000701c00000, 0x0000000701c00000| Untracked 
|   4|0x0000000701e00000, 0x0000000701e00000, 0x0000000702000000|  0%| F|  |TAMS 0x0000000701e00000, 0x0000000701e00000| Untracked 
|   5|0x0000000702000000, 0x0000000702000000, 0x0000000702200000|  0%| F|  |TAMS 0x0000000702000000, 0x0000000702000000| Untracked 
|   6|0x0000000702200000, 0x0000000702200000, 0x0000000702400000|  0%| F|  |TAMS 0x0000000702200000, 0x0000000702200000| Untracked 
|   7|0x0000000702400000, 0x0000000702400000, 0x0000000702600000|  0%| F|  |TAMS 0x0000000702400000, 0x0000000702400000| Untracked 
|   8|0x0000000702600000, 0x0000000702600000, 0x0000000702800000|  0%| F|  |TAMS 0x0000000702600000, 0x0000000702600000| Untracked 
|   9|0x0000000702800000, 0x0000000702800000, 0x0000000702a00000|  0%| F|  |TAMS 0x0000000702800000, 0x0000000702800000| Untracked 
|  10|0x0000000702a00000, 0x0000000702a00000, 0x0000000702c00000|  0%| F|  |TAMS 0x0000000702a00000, 0x0000000702a00000| Untracked 
|  11|0x0000000702c00000, 0x0000000702c00000, 0x0000000702e00000|  0%| F|  |TAMS 0x0000000702c00000, 0x0000000702c00000| Untracked 
|  12|0x0000000702e00000, 0x0000000702e00000, 0x0000000703000000|  0%| F|  |TAMS 0x0000000702e00000, 0x0000000702e00000| Untracked 
|  13|0x0000000703000000, 0x0000000703000000, 0x0000000703200000|  0%| F|  |TAMS 0x0000000703000000, 0x0000000703000000| Untracked 
|  14|0x0000000703200000, 0x0000000703200000, 0x0000000703400000|  0%| F|  |TAMS 0x0000000703200000, 0x0000000703200000| Untracked 
|  15|0x0000000703400000, 0x0000000703400000, 0x0000000703600000|  0%| F|  |TAMS 0x0000000703400000, 0x0000000703400000| Untracked 
|  16|0x0000000703600000, 0x0000000703600000, 0x0000000703800000|  0%| F|  |TAMS 0x0000000703600000, 0x0000000703600000| Untracked 
|  17|0x0000000703800000, 0x0000000703800000, 0x0000000703a00000|  0%| F|  |TAMS 0x0000000703800000, 0x0000000703800000| Untracked 
|  18|0x0000000703a00000, 0x0000000703a00000, 0x0000000703c00000|  0%| F|  |TAMS 0x0000000703a00000, 0x0000000703a00000| Untracked 
|  19|0x0000000703c00000, 0x0000000703c00000, 0x0000000703e00000|  0%| F|  |TAMS 0x0000000703c00000, 0x0000000703c00000| Untracked 
|  20|0x0000000703e00000, 0x0000000703e00000, 0x0000000704000000|  0%| F|  |TAMS 0x0000000703e00000, 0x0000000703e00000| Untracked 
|  21|0x0000000704000000, 0x0000000704000000, 0x0000000704200000|  0%| F|  |TAMS 0x0000000704000000, 0x0000000704000000| Untracked 
|  22|0x0000000704200000, 0x0000000704200000, 0x0000000704400000|  0%| F|  |TAMS 0x0000000704200000, 0x0000000704200000| Untracked 
|  23|0x0000000704400000, 0x0000000704400000, 0x0000000704600000|  0%| F|  |TAMS 0x0000000704400000, 0x0000000704400000| Untracked 
|  24|0x0000000704600000, 0x0000000704600000, 0x0000000704800000|  0%| F|  |TAMS 0x0000000704600000, 0x0000000704600000| Untracked 
|  25|0x0000000704800000, 0x0000000704800000, 0x0000000704a00000|  0%| F|  |TAMS 0x0000000704800000, 0x0000000704800000| Untracked 
|  26|0x0000000704a00000, 0x0000000704a00000, 0x0000000704c00000|  0%| F|  |TAMS 0x0000000704a00000, 0x0000000704a00000| Untracked 
|  27|0x0000000704c00000, 0x0000000704c00000, 0x0000000704e00000|  0%| F|  |TAMS 0x0000000704c00000, 0x0000000704c00000| Untracked 
|  28|0x0000000704e00000, 0x0000000704e00000, 0x0000000705000000|  0%| F|  |TAMS 0x0000000704e00000, 0x0000000704e00000| Untracked 
|  29|0x0000000705000000, 0x0000000705000000, 0x0000000705200000|  0%| F|  |TAMS 0x0000000705000000, 0x0000000705000000| Untracked 
|  30|0x0000000705200000, 0x0000000705200000, 0x0000000705400000|  0%| F|  |TAMS 0x0000000705200000, 0x0000000705200000| Untracked 
|  31|0x0000000705400000, 0x0000000705400000, 0x0000000705600000|  0%| F|  |TAMS 0x0000000705400000, 0x0000000705400000| Untracked 
|  32|0x0000000705600000, 0x0000000705600000, 0x0000000705800000|  0%| F|  |TAMS 0x0000000705600000, 0x0000000705600000| Untracked 
|  33|0x0000000705800000, 0x0000000705800000, 0x0000000705a00000|  0%| F|  |TAMS 0x0000000705800000, 0x0000000705800000| Untracked 
|  34|0x0000000705a00000, 0x0000000705a00000, 0x0000000705c00000|  0%| F|  |TAMS 0x0000000705a00000, 0x0000000705a00000| Untracked 
|  35|0x0000000705c00000, 0x0000000705c00000, 0x0000000705e00000|  0%| F|  |TAMS 0x0000000705c00000, 0x0000000705c00000| Untracked 
|  36|0x0000000705e00000, 0x0000000705e00000, 0x0000000706000000|  0%| F|  |TAMS 0x0000000705e00000, 0x0000000705e00000| Untracked 
|  37|0x0000000706000000, 0x0000000706000000, 0x0000000706200000|  0%| F|  |TAMS 0x0000000706000000, 0x0000000706000000| Untracked 
|  38|0x0000000706200000, 0x0000000706200000, 0x0000000706400000|  0%| F|  |TAMS 0x0000000706200000, 0x0000000706200000| Untracked 
|  39|0x0000000706400000, 0x0000000706400000, 0x0000000706600000|  0%| F|  |TAMS 0x0000000706400000, 0x0000000706400000| Untracked 
|  40|0x0000000706600000, 0x0000000706600000, 0x0000000706800000|  0%| F|  |TAMS 0x0000000706600000, 0x0000000706600000| Untracked 
|  41|0x0000000706800000, 0x0000000706800000, 0x0000000706a00000|  0%| F|  |TAMS 0x0000000706800000, 0x0000000706800000| Untracked 
|  42|0x0000000706a00000, 0x0000000706a00000, 0x0000000706c00000|  0%| F|  |TAMS 0x0000000706a00000, 0x0000000706a00000| Untracked 
|  43|0x0000000706c00000, 0x0000000706c00000, 0x0000000706e00000|  0%| F|  |TAMS 0x0000000706c00000, 0x0000000706c00000| Untracked 
|  44|0x0000000706e00000, 0x0000000706e00000, 0x0000000707000000|  0%| F|  |TAMS 0x0000000706e00000, 0x0000000706e00000| Untracked 
|  45|0x0000000707000000, 0x0000000707000000, 0x0000000707200000|  0%| F|  |TAMS 0x0000000707000000, 0x0000000707000000| Untracked 
|  46|0x0000000707200000, 0x0000000707200000, 0x0000000707400000|  0%| F|  |TAMS 0x0000000707200000, 0x0000000707200000| Untracked 
|  47|0x0000000707400000, 0x0000000707400000, 0x0000000707600000|  0%| F|  |TAMS 0x0000000707400000, 0x0000000707400000| Untracked 
|  48|0x0000000707600000, 0x0000000707600000, 0x0000000707800000|  0%| F|  |TAMS 0x0000000707600000, 0x0000000707600000| Untracked 
|  49|0x0000000707800000, 0x0000000707800000, 0x0000000707a00000|  0%| F|  |TAMS 0x0000000707800000, 0x0000000707800000| Untracked 
|  50|0x0000000707a00000, 0x0000000707a00000, 0x0000000707c00000|  0%| F|  |TAMS 0x0000000707a00000, 0x0000000707a00000| Untracked 
|  51|0x0000000707c00000, 0x0000000707c00000, 0x0000000707e00000|  0%| F|  |TAMS 0x0000000707c00000, 0x0000000707c00000| Untracked 
|  52|0x0000000707e00000, 0x0000000707e00000, 0x0000000708000000|  0%| F|  |TAMS 0x0000000707e00000, 0x0000000707e00000| Untracked 
|  53|0x0000000708000000, 0x0000000708000000, 0x0000000708200000|  0%| F|  |TAMS 0x0000000708000000, 0x0000000708000000| Untracked 
|  54|0x0000000708200000, 0x0000000708200000, 0x0000000708400000|  0%| F|  |TAMS 0x0000000708200000, 0x0000000708200000| Untracked 
|  55|0x0000000708400000, 0x0000000708400000, 0x0000000708600000|  0%| F|  |TAMS 0x0000000708400000, 0x0000000708400000| Untracked 
|  56|0x0000000708600000, 0x0000000708600000, 0x0000000708800000|  0%| F|  |TAMS 0x0000000708600000, 0x0000000708600000| Untracked 
|  57|0x0000000708800000, 0x0000000708800000, 0x0000000708a00000|  0%| F|  |TAMS 0x0000000708800000, 0x0000000708800000| Untracked 
|  58|0x0000000708a00000, 0x0000000708a00000, 0x0000000708c00000|  0%| F|  |TAMS 0x0000000708a00000, 0x0000000708a00000| Untracked 
|  59|0x0000000708c00000, 0x0000000708c00000, 0x0000000708e00000|  0%| F|  |TAMS 0x0000000708c00000, 0x0000000708c00000| Untracked 
|  60|0x0000000708e00000, 0x0000000708e00000, 0x0000000709000000|  0%| F|  |TAMS 0x0000000708e00000, 0x0000000708e00000| Untracked 
|  61|0x0000000709000000, 0x0000000709000000, 0x0000000709200000|  0%| F|  |TAMS 0x0000000709000000, 0x0000000709000000| Untracked 
|  62|0x0000000709200000, 0x0000000709200000, 0x0000000709400000|  0%| F|  |TAMS 0x0000000709200000, 0x0000000709200000| Untracked 
|  63|0x0000000709400000, 0x0000000709400000, 0x0000000709600000|  0%| F|  |TAMS 0x0000000709400000, 0x0000000709400000| Untracked 
|  64|0x0000000709600000, 0x0000000709600000, 0x0000000709800000|  0%| F|  |TAMS 0x0000000709600000, 0x0000000709600000| Untracked 
|  65|0x0000000709800000, 0x0000000709800000, 0x0000000709a00000|  0%| F|  |TAMS 0x0000000709800000, 0x0000000709800000| Untracked 
|  66|0x0000000709a00000, 0x0000000709a00000, 0x0000000709c00000|  0%| F|  |TAMS 0x0000000709a00000, 0x0000000709a00000| Untracked 
|  67|0x0000000709c00000, 0x0000000709c00000, 0x0000000709e00000|  0%| F|  |TAMS 0x0000000709c00000, 0x0000000709c00000| Untracked 
|  68|0x0000000709e00000, 0x0000000709e00000, 0x000000070a000000|  0%| F|  |TAMS 0x0000000709e00000, 0x0000000709e00000| Untracked 
|  69|0x000000070a000000, 0x000000070a000000, 0x000000070a200000|  0%| F|  |TAMS 0x000000070a000000, 0x000000070a000000| Untracked 
|  70|0x000000070a200000, 0x000000070a200000, 0x000000070a400000|  0%| F|  |TAMS 0x000000070a200000, 0x000000070a200000| Untracked 
|  71|0x000000070a400000, 0x000000070a400000, 0x000000070a600000|  0%| F|  |TAMS 0x000000070a400000, 0x000000070a400000| Untracked 
|  72|0x000000070a600000, 0x000000070a600000, 0x000000070a800000|  0%| F|  |TAMS 0x000000070a600000, 0x000000070a600000| Untracked 
|  73|0x000000070a800000, 0x000000070a800000, 0x000000070aa00000|  0%| F|  |TAMS 0x000000070a800000, 0x000000070a800000| Untracked 
|  74|0x000000070aa00000, 0x000000070aa00000, 0x000000070ac00000|  0%| F|  |TAMS 0x000000070aa00000, 0x000000070aa00000| Untracked 
|  75|0x000000070ac00000, 0x000000070ac00000, 0x000000070ae00000|  0%| F|  |TAMS 0x000000070ac00000, 0x000000070ac00000| Untracked 
|  76|0x000000070ae00000, 0x000000070ae00000, 0x000000070b000000|  0%| F|  |TAMS 0x000000070ae00000, 0x000000070ae00000| Untracked 
|  77|0x000000070b000000, 0x000000070b000000, 0x000000070b200000|  0%| F|  |TAMS 0x000000070b000000, 0x000000070b000000| Untracked 
|  78|0x000000070b200000, 0x000000070b200000, 0x000000070b400000|  0%| F|  |TAMS 0x000000070b200000, 0x000000070b200000| Untracked 
|  79|0x000000070b400000, 0x000000070b400000, 0x000000070b600000|  0%| F|  |TAMS 0x000000070b400000, 0x000000070b400000| Untracked 
|  80|0x000000070b600000, 0x000000070b600000, 0x000000070b800000|  0%| F|  |TAMS 0x000000070b600000, 0x000000070b600000| Untracked 
|  81|0x000000070b800000, 0x000000070b800000, 0x000000070ba00000|  0%| F|  |TAMS 0x000000070b800000, 0x000000070b800000| Untracked 
|  82|0x000000070ba00000, 0x000000070ba00000, 0x000000070bc00000|  0%| F|  |TAMS 0x000000070ba00000, 0x000000070ba00000| Untracked 
|  83|0x000000070bc00000, 0x000000070bc00000, 0x000000070be00000|  0%| F|  |TAMS 0x000000070bc00000, 0x000000070bc00000| Untracked 
|  84|0x000000070be00000, 0x000000070be00000, 0x000000070c000000|  0%| F|  |TAMS 0x000000070be00000, 0x000000070be00000| Untracked 
|  85|0x000000070c000000, 0x000000070c000000, 0x000000070c200000|  0%| F|  |TAMS 0x000000070c000000, 0x000000070c000000| Untracked 
|  86|0x000000070c200000, 0x000000070c200000, 0x000000070c400000|  0%| F|  |TAMS 0x000000070c200000, 0x000000070c200000| Untracked 
|  87|0x000000070c400000, 0x000000070c400000, 0x000000070c600000|  0%| F|  |TAMS 0x000000070c400000, 0x000000070c400000| Untracked 
|  88|0x000000070c600000, 0x000000070c600000, 0x000000070c800000|  0%| F|  |TAMS 0x000000070c600000, 0x000000070c600000| Untracked 
|  89|0x000000070c800000, 0x000000070c800000, 0x000000070ca00000|  0%| F|  |TAMS 0x000000070c800000, 0x000000070c800000| Untracked 
|  90|0x000000070ca00000, 0x000000070ca00000, 0x000000070cc00000|  0%| F|  |TAMS 0x000000070ca00000, 0x000000070ca00000| Untracked 
|  91|0x000000070cc00000, 0x000000070cc00000, 0x000000070ce00000|  0%| F|  |TAMS 0x000000070cc00000, 0x000000070cc00000| Untracked 
|  92|0x000000070ce00000, 0x000000070ce00000, 0x000000070d000000|  0%| F|  |TAMS 0x000000070ce00000, 0x000000070ce00000| Untracked 
|  93|0x000000070d000000, 0x000000070d000000, 0x000000070d200000|  0%| F|  |TAMS 0x000000070d000000, 0x000000070d000000| Untracked 
|  94|0x000000070d200000, 0x000000070d200000, 0x000000070d400000|  0%| F|  |TAMS 0x000000070d200000, 0x000000070d200000| Untracked 
|  95|0x000000070d400000, 0x000000070d400000, 0x000000070d600000|  0%| F|  |TAMS 0x000000070d400000, 0x000000070d400000| Untracked 
|  96|0x000000070d600000, 0x000000070d600000, 0x000000070d800000|  0%| F|  |TAMS 0x000000070d600000, 0x000000070d600000| Untracked 
|  97|0x000000070d800000, 0x000000070d800000, 0x000000070da00000|  0%| F|  |TAMS 0x000000070d800000, 0x000000070d800000| Untracked 
|  98|0x000000070da00000, 0x000000070da00000, 0x000000070dc00000|  0%| F|  |TAMS 0x000000070da00000, 0x000000070da00000| Untracked 
|  99|0x000000070dc00000, 0x000000070dc00000, 0x000000070de00000|  0%| F|  |TAMS 0x000000070dc00000, 0x000000070dc00000| Untracked 
| 100|0x000000070de00000, 0x000000070de00000, 0x000000070e000000|  0%| F|  |TAMS 0x000000070de00000, 0x000000070de00000| Untracked 
| 101|0x000000070e000000, 0x000000070e000000, 0x000000070e200000|  0%| F|  |TAMS 0x000000070e000000, 0x000000070e000000| Untracked 
| 102|0x000000070e200000, 0x000000070e200000, 0x000000070e400000|  0%| F|  |TAMS 0x000000070e200000, 0x000000070e200000| Untracked 
| 103|0x000000070e400000, 0x000000070e400000, 0x000000070e600000|  0%| F|  |TAMS 0x000000070e400000, 0x000000070e400000| Untracked 
| 104|0x000000070e600000, 0x000000070e600000, 0x000000070e800000|  0%| F|  |TAMS 0x000000070e600000, 0x000000070e600000| Untracked 
| 105|0x000000070e800000, 0x000000070e800000, 0x000000070ea00000|  0%| F|  |TAMS 0x000000070e800000, 0x000000070e800000| Untracked 
| 106|0x000000070ea00000, 0x000000070ea00000, 0x000000070ec00000|  0%| F|  |TAMS 0x000000070ea00000, 0x000000070ea00000| Untracked 
| 107|0x000000070ec00000, 0x000000070ec00000, 0x000000070ee00000|  0%| F|  |TAMS 0x000000070ec00000, 0x000000070ec00000| Untracked 
| 108|0x000000070ee00000, 0x000000070ee00000, 0x000000070f000000|  0%| F|  |TAMS 0x000000070ee00000, 0x000000070ee00000| Untracked 
| 109|0x000000070f000000, 0x000000070f000000, 0x000000070f200000|  0%| F|  |TAMS 0x000000070f000000, 0x000000070f000000| Untracked 
| 110|0x000000070f200000, 0x000000070f200000, 0x000000070f400000|  0%| F|  |TAMS 0x000000070f200000, 0x000000070f200000| Untracked 
| 111|0x000000070f400000, 0x000000070f400000, 0x000000070f600000|  0%| F|  |TAMS 0x000000070f400000, 0x000000070f400000| Untracked 
| 112|0x000000070f600000, 0x000000070f600000, 0x000000070f800000|  0%| F|  |TAMS 0x000000070f600000, 0x000000070f600000| Untracked 
| 113|0x000000070f800000, 0x000000070f800000, 0x000000070fa00000|  0%| F|  |TAMS 0x000000070f800000, 0x000000070f800000| Untracked 
| 114|0x000000070fa00000, 0x000000070fa00000, 0x000000070fc00000|  0%| F|  |TAMS 0x000000070fa00000, 0x000000070fa00000| Untracked 
| 115|0x000000070fc00000, 0x000000070fc00000, 0x000000070fe00000|  0%| F|  |TAMS 0x000000070fc00000, 0x000000070fc00000| Untracked 
| 116|0x000000070fe00000, 0x000000070fe00000, 0x0000000710000000|  0%| F|  |TAMS 0x000000070fe00000, 0x000000070fe00000| Untracked 
| 117|0x0000000710000000, 0x0000000710000000, 0x0000000710200000|  0%| F|  |TAMS 0x0000000710000000, 0x0000000710000000| Untracked 
| 118|0x0000000710200000, 0x0000000710200000, 0x0000000710400000|  0%| F|  |TAMS 0x0000000710200000, 0x0000000710200000| Untracked 
| 119|0x0000000710400000, 0x0000000710400000, 0x0000000710600000|  0%| F|  |TAMS 0x0000000710400000, 0x0000000710400000| Untracked 
| 120|0x0000000710600000, 0x0000000710600000, 0x0000000710800000|  0%| F|  |TAMS 0x0000000710600000, 0x0000000710600000| Untracked 
| 121|0x0000000710800000, 0x0000000710800000, 0x0000000710a00000|  0%| F|  |TAMS 0x0000000710800000, 0x0000000710800000| Untracked 
| 122|0x0000000710a00000, 0x0000000710bc88d0, 0x0000000710c00000| 89%| E|  |TAMS 0x0000000710a00000, 0x0000000710a00000| Complete 
| 123|0x0000000710c00000, 0x0000000710e00000, 0x0000000710e00000|100%| E|CS|TAMS 0x0000000710c00000, 0x0000000710c00000| Complete 
| 124|0x0000000710e00000, 0x0000000711000000, 0x0000000711000000|100%| E|CS|TAMS 0x0000000710e00000, 0x0000000710e00000| Complete 
| 125|0x0000000711000000, 0x0000000711200000, 0x0000000711200000|100%| E|CS|TAMS 0x0000000711000000, 0x0000000711000000| Complete 
| 126|0x0000000711200000, 0x0000000711400000, 0x0000000711400000|100%| E|CS|TAMS 0x0000000711200000, 0x0000000711200000| Complete 
| 127|0x0000000711400000, 0x0000000711600000, 0x0000000711600000|100%| E|CS|TAMS 0x0000000711400000, 0x0000000711400000| Complete 

Card table byte_map: [0x000001f03d3a0000,0x000001f03dba0000] _byte_map_base: 0x000001f039b95000

Marking Bits (Prev, Next): (CMBitMap*) 0x000001f025fa08d0, (CMBitMap*) 0x000001f025fa0910
 Prev Bits: [0x000001f03e3a0000, 0x000001f042348000)
 Next Bits: [0x000001f042350000, 0x000001f0462f8000)

Polling page: 0x000001f023ee0000

Metaspace:

Usage:
  Non-class:      4.59 MB used.
      Class:    522.73 KB used.
       Both:      5.10 MB used.

Virtual space:
  Non-class space:       64.00 MB reserved,       4.62 MB (  7%) committed,  1 nodes.
      Class space:        1.00 GB reserved,     576.00 KB ( <1%) committed,  1 nodes.
             Both:        1.06 GB reserved,       5.19 MB ( <1%) committed. 

Chunk freelists:
   Non-Class:  2.81 MB
       Class:  3.25 MB
        Both:  6.06 MB

MaxMetaspaceSize: unlimited
CompressedClassSpaceSize: 1.00 GB
Initial GC threshold: 21.00 MB
Current GC threshold: 21.00 MB
CDS: on
MetaspaceReclaimPolicy: balanced
 - commit_granule_bytes: 65536.
 - commit_granule_words: 8192.
 - virtual_space_node_default_size: 8388608.
 - enlarge_chunks_in_place: 1.
 - new_chunks_are_fully_committed: 0.
 - uncommit_free_chunks: 1.
 - use_allocation_guard: 0.


Internal statistics:

num_allocs_failed_limit: 0.
num_arena_births: 108.
num_arena_deaths: 0.
num_vsnodes_births: 2.
num_vsnodes_deaths: 0.
num_space_committed: 83.
num_space_uncommitted: 0.
num_chunks_returned_to_freelist: 0.
num_chunks_taken_from_freelist: 151.
num_chunk_merges: 0.
num_chunk_splits: 85.
num_chunks_enlarged: 31.
num_inconsistent_stats: 0.

CodeHeap 'non-profiled nmethods': size=120000Kb used=219Kb max_used=219Kb free=119781Kb
 bounds [0x000001f035340000, 0x000001f0355b0000, 0x000001f03c870000]
CodeHeap 'profiled nmethods': size=120000Kb used=1398Kb max_used=1398Kb free=118601Kb
 bounds [0x000001f02de10000, 0x000001f02e080000, 0x000001f035340000]
CodeHeap 'non-nmethods': size=5760Kb used=1210Kb max_used=1230Kb free=4549Kb
 bounds [0x000001f02d870000, 0x000001f02dae0000, 0x000001f02de10000]
 total_blobs=1389 nmethods=883 adapters=419
 compilation: enabled
              stopped_count=0, restarted_count=0
 full_count=0

Compilation events (20 events):
Event: 0.328 Thread 0x000001f048d1e800 nmethod 814 0x000001f02df48810 code [0x000001f02df48a60, 0x000001f02df49388]
Event: 0.328 Thread 0x000001f048d1e800  815       3       java.security.AccessController::executePrivileged (65 bytes)
Event: 0.328 Thread 0x000001f048d1e800 nmethod 815 0x000001f02df49790 code [0x000001f02df49960, 0x000001f02df49c58]
Event: 0.328 Thread 0x000001f048d1e800  817       3       sun.font.TrueTypeFont::getLCIDFromLocale (90 bytes)
Event: 0.329 Thread 0x000001f048d1e800 nmethod 817 0x000001f02df49d90 code [0x000001f02df4a020, 0x000001f02df4a9d8]
Event: 0.329 Thread 0x000001f048d1e800  816       3       sun.awt.SunToolkit::getStartupLocale (146 bytes)
Event: 0.330 Thread 0x000001f048d1e800 nmethod 816 0x000001f02df4ad10 code [0x000001f02df4b160, 0x000001f02df4d1a8]
Event: 0.330 Thread 0x000001f048d1e800  818       3       sun.font.TrueTypeFont::getLanguageCompatibleLCIDsFromLocale (42 bytes)
Event: 0.331 Thread 0x000001f048d1e800 nmethod 818 0x000001f02df4db90 code [0x000001f02df4dd80, 0x000001f02df4e1c8]
Event: 0.331 Thread 0x000001f048d1e800  819       3       sun.nio.ch.NativeDispatcher::<init> (5 bytes)
Event: 0.331 Thread 0x000001f048d1e800 nmethod 819 0x000001f02df4e310 code [0x000001f02df4e4a0, 0x000001f02df4e5f8]
Event: 0.331 Thread 0x000001f048d1e800  820   !   3       jdk.internal.ref.PhantomCleanable::remove (60 bytes)
Event: 0.331 Thread 0x000001f048d1e800 nmethod 820 0x000001f02df4e690 code [0x000001f02df4e840, 0x000001f02df4ec78]
Event: 0.331 Thread 0x000001f048d1e800  821  s!   3       java.io.FileDescriptor::closeAll (163 bytes)
Event: 0.331 Thread 0x000001f048d1e800 nmethod 821 0x000001f02df4ee10 code [0x000001f02df4f080, 0x000001f02df4ff28]
Event: 0.331 Thread 0x000001f048d1e800  822  s    3       java.io.FileDescriptor::close (9 bytes)
Event: 0.332 Thread 0x000001f048d1e800 nmethod 822 0x000001f02df50590 code [0x000001f02df50760, 0x000001f02df50bb8]
Event: 0.333 Thread 0x000001f048d1e800  824   !   3       sun.nio.ch.FileChannelImpl::implCloseChannel (169 bytes)
Event: 0.333 Thread 0x000001f048d1e800 nmethod 824 0x000001f02df50d10 code [0x000001f02df51080, 0x000001f02df526c8]
Event: 0.334 Thread 0x000001f048d1e800  825  s!   3       sun.nio.ch.NativeThreadSet::signalAndWait (134 bytes)

GC Heap History (0 events):
No events

Deoptimization events (20 events):
Event: 0.205 Thread 0x000001f025f2ecd0 Uncommon trap: trap_request=0xffffffc6 fr.pc=0x000001f03534d15c relative=0x0000000000000b3c
Event: 0.205 Thread 0x000001f025f2ecd0 Uncommon trap: reason=bimorphic_or_optimized_type_check action=maybe_recompile pc=0x000001f03534d15c method=java.util.HashMap.putVal(ILjava/lang/Object;Ljava/lang/Object;ZZ)Ljava/lang/Object; @ 56 c2
Event: 0.205 Thread 0x000001f025f2ecd0 DEOPT PACKING pc=0x000001f03534d15c sp=0x00000006245fea50
Event: 0.205 Thread 0x000001f025f2ecd0 DEOPT UNPACKING pc=0x000001f02d8c23a3 sp=0x00000006245fe9e8 mode 2
Event: 0.205 Thread 0x000001f025f2ecd0 Uncommon trap: trap_request=0xffffffc6 fr.pc=0x000001f03534d15c relative=0x0000000000000b3c
Event: 0.205 Thread 0x000001f025f2ecd0 Uncommon trap: reason=bimorphic_or_optimized_type_check action=maybe_recompile pc=0x000001f03534d15c method=java.util.HashMap.putVal(ILjava/lang/Object;Ljava/lang/Object;ZZ)Ljava/lang/Object; @ 56 c2
Event: 0.205 Thread 0x000001f025f2ecd0 DEOPT PACKING pc=0x000001f03534d15c sp=0x00000006245fea50
Event: 0.205 Thread 0x000001f025f2ecd0 DEOPT UNPACKING pc=0x000001f02d8c23a3 sp=0x00000006245fe9e8 mode 2
Event: 0.205 Thread 0x000001f025f2ecd0 Uncommon trap: trap_request=0xffffffc6 fr.pc=0x000001f03534d15c relative=0x0000000000000b3c
Event: 0.205 Thread 0x000001f025f2ecd0 Uncommon trap: reason=bimorphic_or_optimized_type_check action=maybe_recompile pc=0x000001f03534d15c method=java.util.HashMap.putVal(ILjava/lang/Object;Ljava/lang/Object;ZZ)Ljava/lang/Object; @ 56 c2
Event: 0.205 Thread 0x000001f025f2ecd0 DEOPT PACKING pc=0x000001f03534d15c sp=0x00000006245fea50
Event: 0.205 Thread 0x000001f025f2ecd0 DEOPT UNPACKING pc=0x000001f02d8c23a3 sp=0x00000006245fe9e8 mode 2
Event: 0.238 Thread 0x000001f025f2ecd0 Uncommon trap: trap_request=0xffffff45 fr.pc=0x000001f035366380 relative=0x0000000000000920
Event: 0.238 Thread 0x000001f025f2ecd0 Uncommon trap: reason=unstable_if action=reinterpret pc=0x000001f035366380 method=java.util.HashMap.putVal(ILjava/lang/Object;Ljava/lang/Object;ZZ)Ljava/lang/Object; @ 181 c2
Event: 0.238 Thread 0x000001f025f2ecd0 DEOPT PACKING pc=0x000001f035366380 sp=0x00000006245feb30
Event: 0.238 Thread 0x000001f025f2ecd0 DEOPT UNPACKING pc=0x000001f02d8c23a3 sp=0x00000006245feae0 mode 2
Event: 0.257 Thread 0x000001f025f2ecd0 DEOPT PACKING pc=0x000001f02de448e7 sp=0x00000006245fe510
Event: 0.257 Thread 0x000001f025f2ecd0 DEOPT UNPACKING pc=0x000001f02d8c2b43 sp=0x00000006245fd930 mode 0
Event: 0.317 Thread 0x000001f025f2ecd0 DEOPT PACKING pc=0x000001f02de1d3d1 sp=0x00000006245fe190
Event: 0.317 Thread 0x000001f025f2ecd0 DEOPT UNPACKING pc=0x000001f02d8c2b43 sp=0x00000006245fd608 mode 0

Classes loaded (20 events):
Event: 0.241 Loading class java/nio/ByteBufferAsIntBufferB
Event: 0.241 Loading class java/nio/ByteBufferAsIntBufferB done
Event: 0.241 Loading class sun/font/TrueTypeFont$DirectoryEntry
Event: 0.241 Loading class sun/font/TrueTypeFont$DirectoryEntry done
Event: 0.241 Loading class java/nio/ByteBufferAsShortBufferB
Event: 0.241 Loading class java/nio/ShortBuffer
Event: 0.241 Loading class java/nio/ShortBuffer done
Event: 0.241 Loading class java/nio/ByteBufferAsShortBufferB done
Event: 0.242 Loading class sun/nio/cs/UTF_16$Decoder
Event: 0.242 Loading class sun/nio/cs/UnicodeDecoder
Event: 0.242 Loading class sun/nio/cs/UnicodeDecoder done
Event: 0.242 Loading class sun/nio/cs/UTF_16$Decoder done
Event: 0.250 Loading class jdk/internal/misc/ScopedMemoryAccess$Scope
Event: 0.250 Loading class jdk/internal/misc/ScopedMemoryAccess$Scope done
Event: 0.263 Loading class sun/font/SunFontManager$3
Event: 0.263 Loading class sun/font/SunFontManager$3 done
Event: 0.288 Loading class sun/font/SunFontManager$8
Event: 0.288 Loading class sun/font/SunFontManager$8 done
Event: 0.288 Loading class sun/font/SunFontManager$9
Event: 0.288 Loading class sun/font/SunFontManager$9 done

Classes unloaded (0 events):
No events

Classes redefined (0 events):
No events

Internal exceptions (12 events):
Event: 0.081 Thread 0x000001f025f2ecd0 Exception <a 'java/lang/NoSuchMethodError'{0x000000071124a460}: 'void java.lang.invoke.DirectMethodHandle$Holder.invokeStatic(java.lang.Object, java.lang.Object, java.lang.Object)'> (0x000000071124a460) 
thrown [s\open\src\hotspot\share\interpreter\linkResolver.cpp, line 759]
Event: 0.087 Thread 0x000001f025f2ecd0 Exception <a 'java/lang/NoSuchMethodError'{0x0000000711263178}: 'java.lang.Object java.lang.invoke.Invokers$Holder.invokeExact_MT(java.lang.Object, java.lang.Object, java.lang.Object, java.lang.Object, java.lang.Object)'> (0x0000000711263178) 
thrown [s\open\src\hotspot\share\interpreter\linkResolver.cpp, line 759]
Event: 0.097 Thread 0x000001f04d138700 Exception <a 'java/lang/NoSuchMethodError'{0x0000000711277df8}: 'void java.lang.invoke.DirectMethodHandle$Holder.invokeStatic(java.lang.Object, java.lang.Object)'> (0x0000000711277df8) 
thrown [s\open\src\hotspot\share\interpreter\linkResolver.cpp, line 759]
Event: 0.103 Thread 0x000001f025f2ecd0 Exception <a 'java/lang/ClassNotFoundException'{0x00000007112ef278}: sun/awt/resources/spi/awtProvider> (0x00000007112ef278) 
thrown [s\open\src\hotspot\share\classfile\systemDictionary.cpp, line 255]
Event: 0.121 Thread 0x000001f025f2ecd0 Exception <a 'java/io/FileNotFoundException'{0x00000007113423c0}> (0x00000007113423c0) 
thrown [s\open\src\hotspot\share\prims\jni.cpp, line 516]
Event: 0.128 Thread 0x000001f025f2ecd0 Exception <a 'java/io/FileNotFoundException'{0x000000071136f3f0}> (0x000000071136f3f0) 
thrown [s\open\src\hotspot\share\prims\jni.cpp, line 516]
Event: 0.157 Thread 0x000001f025f2ecd0 Exception <a 'java/lang/NoSuchMethodError'{0x00000007113c2208}: 'java.lang.Object java.lang.invoke.DirectMethodHandle$Holder.invokeStaticInit(java.lang.Object)'> (0x00000007113c2208) 
thrown [s\open\src\hotspot\share\interpreter\linkResolver.cpp, line 759]
Event: 0.172 Thread 0x000001f025f2ecd0 Exception <a 'java/lang/NoSuchMethodError'{0x00000007113ec3c8}: 'void java.lang.invoke.DirectMethodHandle$Holder.invokeSpecial(java.lang.Object, java.lang.Object, java.lang.Object)'> (0x00000007113ec3c8) 
thrown [s\open\src\hotspot\share\interpreter\linkResolver.cpp, line 759]
Event: 0.178 Thread 0x000001f025f2ecd0 Exception <a 'java/lang/NoSuchMethodError'{0x0000000711088658}: 'java.lang.Object java.lang.invoke.DirectMethodHandle$Holder.newInvokeSpecial(java.lang.Object, java.lang.Object, java.lang.Object, java.lang.Object, java.lang.Object)'> (0x0000000711088658) 
thrown [s\open\src\hotspot\share\interpreter\linkResolver.cpp, line 759]
Event: 0.183 Thread 0x000001f025f2ecd0 Exception <a 'java/lang/NoSuchMethodError'{0x00000007110b9f68}: 'java.lang.Object java.lang.invoke.DirectMethodHandle$Holder.invokeStatic(java.lang.Object, int, java.lang.Object)'> (0x00000007110b9f68) 
thrown [s\open\src\hotspot\share\interpreter\linkResolver.cpp, line 759]
Event: 0.204 Thread 0x000001f025f2ecd0 Exception <a 'java/lang/ClassNotFoundException'{0x0000000711179e68}: com/sun/swing/internal/plaf/metal/resources/spi/metalProvider> (0x0000000711179e68) 
thrown [s\open\src\hotspot\share\classfile\systemDictionary.cpp, line 255]
Event: 0.205 Thread 0x000001f025f2ecd0 Exception <a 'java/lang/ClassNotFoundException'{0x000000071117dc58}: com/sun/swing/internal/plaf/basic/resources/spi/basicProvider> (0x000000071117dc58) 
thrown [s\open\src\hotspot\share\classfile\systemDictionary.cpp, line 255]

VM Operations (4 events):
Event: 0.049 Executing VM operation: HandshakeAllThreads
Event: 0.049 Executing VM operation: HandshakeAllThreads done
Event: 0.092 Executing VM operation: HandshakeAllThreads
Event: 0.092 Executing VM operation: HandshakeAllThreads done

Events (20 events):
Event: 0.023 Thread 0x000001f048d0c830 Thread added: 0x000001f048d0c830
Event: 0.023 Thread 0x000001f048d10b40 Thread added: 0x000001f048d10b40
Event: 0.023 Thread 0x000001f048d1e800 Thread added: 0x000001f048d1e800
Event: 0.023 Thread 0x000001f048d1f4f0 Thread added: 0x000001f048d1f4f0
Event: 0.041 Thread 0x000001f048cda7e0 Thread added: 0x000001f048cda7e0
Event: 0.060 Loaded shared library C:\Program Files\Java\jdk-18.0.2.1\bin\zip.dll
Event: 0.062 Loaded shared library C:\Program Files\Java\jdk-18.0.2.1\bin\instrument.dll
Event: 0.068 Loaded shared library C:\Program Files\Java\jdk-18.0.2.1\bin\net.dll
Event: 0.070 Loaded shared library C:\Program Files\Java\jdk-18.0.2.1\bin\nio.dll
Event: 0.074 Loaded shared library C:\Program Files\Java\jdk-18.0.2.1\bin\zip.dll
Event: 0.090 Loaded shared library C:\Program Files\JetBrains\IntelliJ IDEA Community Edition 2022.2.1\bin\breakgen64.dll
Event: 0.090 Thread 0x000001f04d138700 Thread added: 0x000001f04d138700
Event: 0.090 Thread 0x000001f04d13bda0 Thread added: 0x000001f04d13bda0
Event: 0.108 Loaded shared library C:\Program Files\Java\jdk-18.0.2.1\bin\jimage.dll
Event: 0.111 Loaded shared library C:\Program Files\Java\jdk-18.0.2.1\bin\awt.dll
Event: 0.158 Thread 0x000001f04d309010 Thread added: 0x000001f04d309010
Event: 0.158 Thread 0x000001f04d30d970 Thread added: 0x000001f04d30d970
Event: 0.159 Thread 0x000001f04d3122c0 Thread added: 0x000001f04d3122c0
Event: 0.218 Loaded shared library C:\Program Files\Java\jdk-18.0.2.1\bin\freetype.dll
Event: 0.219 Loaded shared library C:\Program Files\Java\jdk-18.0.2.1\bin\fontmanager.dll


Dynamic libraries:
0x00007ff6b3110000 - 0x00007ff6b3120000 	C:\Program Files\Java\jdk-18.0.2.1\bin\java.exe
0x00007ffce0f50000 - 0x00007ffce1148000 	C:\WINDOWS\SYSTEM32\ntdll.dll
0x00007ffcdff20000 - 0x00007ffcdffdf000 	C:\WINDOWS\System32\KERNEL32.DLL
0x00007ffcde740000 - 0x00007ffcdea12000 	C:\WINDOWS\System32\KERNELBASE.dll
0x00007ffcdee70000 - 0x00007ffcdef70000 	C:\WINDOWS\System32\ucrtbase.dll
0x00007ffcb8900000 - 0x00007ffcb8918000 	C:\Program Files\Java\jdk-18.0.2.1\bin\jli.dll
0x00007ffcb94a0000 - 0x00007ffcb94ba000 	C:\Program Files\Java\jdk-18.0.2.1\bin\VCRUNTIME140.dll
0x00007ffce0d60000 - 0x00007ffce0e0e000 	C:\WINDOWS\System32\ADVAPI32.dll
0x00007ffce0c10000 - 0x00007ffce0cae000 	C:\WINDOWS\System32\msvcrt.dll
0x00007ffcdefa0000 - 0x00007ffcdf03c000 	C:\WINDOWS\System32\sechost.dll
0x00007ffce0ae0000 - 0x00007ffce0c05000 	C:\WINDOWS\System32\RPCRT4.dll
0x00007ffcdf040000 - 0x00007ffcdf1dd000 	C:\WINDOWS\System32\USER32.dll
0x00007ffcdef70000 - 0x00007ffcdef92000 	C:\WINDOWS\System32\win32u.dll
0x00007ffcdda60000 - 0x00007ffcddcfa000 	C:\WINDOWS\WinSxS\amd64_microsoft.windows.common-controls_6595b64144ccf1df_6.0.19041.1110_none_60b5254171f9507e\COMCTL32.dll
0x00007ffce0e70000 - 0x00007ffce0e9b000 	C:\WINDOWS\System32\GDI32.dll
0x00007ffcdeab0000 - 0x00007ffcdebbf000 	C:\WINDOWS\System32\gdi32full.dll
0x00007ffcdedd0000 - 0x00007ffcdee6d000 	C:\WINDOWS\System32\msvcp_win.dll
0x00007ffcd7c00000 - 0x00007ffcd7c0a000 	C:\WINDOWS\SYSTEM32\VERSION.dll
0x00007ffce0950000 - 0x00007ffce0982000 	C:\WINDOWS\System32\IMM32.DLL
0x00007ffcbc810000 - 0x00007ffcbc81c000 	C:\Program Files\Java\jdk-18.0.2.1\bin\vcruntime140_1.dll
0x00007ffc59650000 - 0x00007ffc596dd000 	C:\Program Files\Java\jdk-18.0.2.1\bin\msvcp140.dll
0x00007ffc58a30000 - 0x00007ffc59641000 	C:\Program Files\Java\jdk-18.0.2.1\bin\server\jvm.dll
0x00007ffce0ad0000 - 0x00007ffce0ad8000 	C:\WINDOWS\System32\PSAPI.DLL
0x00007ffcd0fd0000 - 0x00007ffcd0ff7000 	C:\WINDOWS\SYSTEM32\WINMM.dll
0x00007ffcd9b30000 - 0x00007ffcd9b39000 	C:\WINDOWS\SYSTEM32\WSOCK32.dll
0x00007ffce0ea0000 - 0x00007ffce0f0b000 	C:\WINDOWS\System32\WS2_32.dll
0x00007ffcdbed0000 - 0x00007ffcdbee2000 	C:\WINDOWS\SYSTEM32\kernel.appcore.dll
0x00007ffcbc6d0000 - 0x00007ffcbc6da000 	C:\Program Files\Java\jdk-18.0.2.1\bin\jimage.dll
0x00007ffcddee0000 - 0x00007ffcde0c4000 	C:\WINDOWS\SYSTEM32\DBGHELP.DLL
0x00007ffcdde30000 - 0x00007ffcdde5c000 	C:\WINDOWS\SYSTEM32\dbgcore.DLL
0x00007ffcdea20000 - 0x00007ffcdeaa2000 	C:\WINDOWS\System32\bcryptPrimitives.dll
0x00007ffcc1500000 - 0x00007ffcc150e000 	C:\Program Files\Java\jdk-18.0.2.1\bin\instrument.dll
0x00007ffcb82a0000 - 0x00007ffcb82c5000 	C:\Program Files\Java\jdk-18.0.2.1\bin\java.dll
0x00007ffc58950000 - 0x00007ffc58a26000 	C:\Program Files\Java\jdk-18.0.2.1\bin\jsvml.dll
0x00007ffcdf6b0000 - 0x00007ffcdfdf3000 	C:\WINDOWS\System32\SHELL32.dll
0x00007ffcdc0d0000 - 0x00007ffcdc862000 	C:\WINDOWS\SYSTEM32\windows.storage.dll
0x00007ffce01b0000 - 0x00007ffce0504000 	C:\WINDOWS\System32\combase.dll
0x00007ffcdd9c0000 - 0x00007ffcdd9f0000 	C:\WINDOWS\SYSTEM32\Wldp.dll
0x00007ffce08a0000 - 0x00007ffce094d000 	C:\WINDOWS\System32\SHCORE.dll
0x00007ffce0990000 - 0x00007ffce09e5000 	C:\WINDOWS\System32\shlwapi.dll
0x00007ffcde590000 - 0x00007ffcde5af000 	C:\WINDOWS\SYSTEM32\profapi.dll
0x00007ffcb5eb0000 - 0x00007ffcb5ec8000 	C:\Program Files\Java\jdk-18.0.2.1\bin\zip.dll
0x00007ffcb8810000 - 0x00007ffcb8823000 	C:\Program Files\Java\jdk-18.0.2.1\bin\net.dll
0x00007ffccfd10000 - 0x00007ffccfe1c000 	C:\WINDOWS\SYSTEM32\WINHTTP.dll
0x00007ffcdd890000 - 0x00007ffcdd8fa000 	C:\WINDOWS\system32\mswsock.dll
0x00007ffcb6380000 - 0x00007ffcb6396000 	C:\Program Files\Java\jdk-18.0.2.1\bin\nio.dll
0x00007ffcbf110000 - 0x00007ffcbf12a000 	C:\Program Files\JetBrains\IntelliJ IDEA Community Edition 2022.2.1\bin\breakgen64.dll
0x00007ffc5e630000 - 0x00007ffc5e7bf000 	C:\Program Files\Java\jdk-18.0.2.1\bin\awt.dll
0x00007ffce00c0000 - 0x00007ffce018d000 	C:\WINDOWS\System32\OLEAUT32.dll
0x00007ffcdb9b0000 - 0x00007ffcdba41000 	C:\WINDOWS\SYSTEM32\apphelp.dll
0x00007ffcdbae0000 - 0x00007ffcdbb7e000 	C:\WINDOWS\system32\uxtheme.dll
0x00007ffcdfe00000 - 0x00007ffcdff15000 	C:\WINDOWS\System32\MSCTF.dll
0x00007ffce06d0000 - 0x00007ffce07fa000 	C:\WINDOWS\System32\ole32.dll
0x00007ffcdbcf0000 - 0x00007ffcdbd1f000 	C:\WINDOWS\system32\DWMAPI.DLL
0x00007ffcae470000 - 0x00007ffcae4f6000 	C:\Program Files\Java\jdk-18.0.2.1\bin\freetype.dll
0x00007ffc60730000 - 0x00007ffc607d8000 	C:\Program Files\Java\jdk-18.0.2.1\bin\fontmanager.dll

dbghelp: loaded successfully - version: 4.0.5 - missing functions: none
symbol engine: initialized successfully - sym options: 0x614 - pdb path: .;C:\Program Files\Java\jdk-18.0.2.1\bin;C:\WINDOWS\SYSTEM32;C:\WINDOWS\WinSxS\amd64_microsoft.windows.common-controls_6595b64144ccf1df_6.0.19041.1110_none_60b5254171f9507e;C:\Program Files\Java\jdk-18.0.2.1\bin\server;C:\Program Files\JetBrains\IntelliJ IDEA Community Edition 2022.2.1\bin

VM Arguments:
jvm_args: -javaagent:C:\Program Files\JetBrains\IntelliJ IDEA Community Edition 2022.2.1\lib\idea_rt.jar=57747:C:\Program Files\JetBrains\IntelliJ IDEA Community Edition 2022.2.1\bin -Dfile.encoding=UTF-8 -Dsun.stdout.encoding=UTF-8 -Dsun.stderr.encoding=UTF-8 
java_command: com.mycompany.copaqatar.Main
java_class_path (initial): D:\projetos\java\Copa2k22\target\classes;C:\Users\spkil\.m2\repository\mysql\mysql-connector-java\8.0.19\mysql-connector-java-8.0.19.jar;C:\Users\spkil\.m2\repository\com\google\protobuf\protobuf-java\3.6.1\protobuf-java-3.6.1.jar
Launcher Type: SUN_STANDARD

[Global flags]
     intx CICompilerCount                          = 4                                         {product} {ergonomic}
     uint ConcGCThreads                            = 2                                         {product} {ergonomic}
     uint G1ConcRefinementThreads                  = 8                                         {product} {ergonomic}
   size_t G1HeapRegionSize                         = 2097152                                   {product} {ergonomic}
    uintx GCDrainStackTargetSize                   = 64                                        {product} {ergonomic}
   size_t InitialHeapSize                          = 268435456                                 {product} {ergonomic}
   size_t MarkStackSize                            = 4194304                                   {product} {ergonomic}
   size_t MaxHeapSize                              = 4271898624                                {product} {ergonomic}
   size_t MaxNewSize                               = 2562719744                                {product} {ergonomic}
   size_t MinHeapDeltaBytes                        = 2097152                                   {product} {ergonomic}
   size_t MinHeapSize                              = 8388608                                   {product} {ergonomic}
    uintx NonNMethodCodeHeapSize                   = 5839372                                {pd product} {ergonomic}
    uintx NonProfiledCodeHeapSize                  = 122909434                              {pd product} {ergonomic}
    uintx ProfiledCodeHeapSize                     = 122909434                              {pd product} {ergonomic}
    uintx ReservedCodeCacheSize                    = 251658240                              {pd product} {ergonomic}
     bool SegmentedCodeCache                       = true                                      {product} {ergonomic}
   size_t SoftMaxHeapSize                          = 4271898624                             {manageable} {ergonomic}
     bool UseCompressedClassPointers               = true                           {product lp64_product} {ergonomic}
     bool UseCompressedOops                        = true                           {product lp64_product} {ergonomic}
     bool UseG1GC                                  = true                                      {product} {ergonomic}
     bool UseLargePagesIndividualAllocation        = false                                  {pd product} {ergonomic}

Logging:
Log output configuration:
 #0: stdout all=warning uptime,level,tags foldmultilines=false
 #1: stderr all=off uptime,level,tags foldmultilines=false

Environment Variables:
JAVA_HOME=C:\Program Files\Java\jdk-18.0.2.1
CLASSPATH=C:\Program Files\Java\jdk-18.0.2.1
PATH=C:\WINDOWS\system32;C:\WINDOWS;C:\WINDOWS\System32\Wbem;C:\WINDOWS\System32\WindowsPowerShell\v1.0\;C:\WINDOWS\System32\OpenSSH\;C:\Program Files (x86)\NVIDIA Corporation\PhysX\Common;C:\Program Files\NVIDIA Corporation\NVIDIA NvDLISR;C:\Program Files\nodejs\;C:\WINDOWS\system32;C:\WINDOWS;C:\WINDOWS\System32\Wbem;C:\WINDOWS\System32\WindowsPowerShell\v1.0\;C:\WINDOWS\System32\OpenSSH\;C:\Program Files\Git\cmd;C:\Program Files\Java\jdk-18.0.2.1\bin;C:\Program Files\Java\jre1.8.0_251\bin;C:\Users\spkil\AppData\Local\Microsoft\WindowsApps;C:\Users\spkil\AppData\Roaming\npm;C:\Users\spkil\AppData\Local\Programs\Microsoft VS Code\bin;C:\Program Files\Java\jdk-18.0.2.1\bin;C:\Program Files\Java\jdk-18.0.2.1;
USERNAME=spkil
OS=Windows_NT
PROCESSOR_IDENTIFIER=Intel64 Family 6 Model 165 Stepping 3, GenuineIntel



---------------  S Y S T E M  ---------------

OS:
 Windows 10 , 64 bit Build 19041 (10.0.19041.2251)
OS uptime: 0 days 4:55 hours

CPU: total 8 (initial active 8) (4 cores per cpu, 2 threads per core) family 6 model 165 stepping 3 microcode 0xcc, cx8, cmov, fxsr, ht, mmx, 3dnowpref, sse, sse2, sse3, ssse3, sse4.1, sse4.2, popcnt, lzcnt, tsc, tscinvbit, avx, avx2, aes, erms, clmul, bmi1, bmi2, adx, fma, vzeroupper, clflush, clflushopt

Memory: 4k page, system-wide physical 16289M (6492M free)
TotalPageFile size 20129M (AvailPageFile size 4328M)
current process WorkingSet (physical memory assigned to process): 56M, peak: 56M
current process commit charge ("private bytes"): 353M, peak: 353M

vm_info: Java HotSpot(TM) 64-Bit Server VM (18.0.2.1+1-1) for windows-amd64 JRE (18.0.2.1+1-1), built on Aug 16 2022 01:46:33 by "mach5one" with MS VC++ 16.8 / 16.9 (VS2019)

END.
